Arguments: 
  C:\Program Files\nodejs\node.exe C:\Users\georg\AppData\Roaming\npm\node_modules\yarn\bin\yarn.js list

PATH: 
  C:\Program Files\ConEmu\ConEmu\Scripts;C:\Program Files\ConEmu\ConEmu\Scripts;C:\Program Files\ConEmu;C:\Program Files\ConEmu\ConEmu;C:\WINDOWS\system32;C:\WINDOWS;C:\WINDOWS\System32\Wbem;C:\WINDOWS\System32\WindowsPowerShell\v1.0\;C:\Program Files (x86)\ATI Technologies\ATI.ACE\Core-Static;C:\Program Files\nodejs\;C:\Program Files\MongoDB\Server\3.6\bin;C:\Program Files\Git\cmd;C:\Users\georg\AppData\Local\atom\bin;C:\Program Files (x86)\PuTTY\;C:\HashiCorp\Vagrant\bin;C:\Ruby24-x64\bin;C:\Users\georg\AppData\Local\Microsoft\WindowsApps;C:\Users\georg\AppData\Roaming\npm;C:\Users\georg\AppData\Local\GitHubDesktop\bin;C:\Program Files\Heroku\bin

Yarn version: 
  1.5.1

Node version: 
  8.9.3

Platform: 
  win32 x64

npm manifest: 
  No manifest

yarn manifest: 
  No manifest

Lockfile: 
  No lockfile

Trace: 
  Error: No lockfile in this directory. Run `yarn install` to generate one.
      at new MessageError (C:\Users\georg\AppData\Roaming\npm\node_modules\yarn\lib\cli.js:186:110)
      at C:\Users\georg\AppData\Roaming\npm\node_modules\yarn\lib\cli.js:89389:13
      at <anonymous>
